[2026-02-19 15:33:08.003] [jointLog] [info] setting maxHashResizeThreads to 12
[2026-02-19 15:33:08.003] [jointLog] [info] Fragment incompatibility prior below threshold.  Incompatible fragments will be ignored.
[2026-02-19 15:33:08.003] [jointLog] [info] Usage of --validateMappings implies use of minScoreFraction. Since not explicitly specified, it is being set to 0.65
[2026-02-19 15:33:08.003] [jointLog] [info] Setting consensusSlack to selective-alignment default of 0.35.
[2026-02-19 15:33:08.003] [jointLog] [info] parsing read library format
[2026-02-19 15:33:08.003] [jointLog] [info] There is 1 library.
[2026-02-19 15:33:08.003] [jointLog] [info] Loading pufferfish index
[2026-02-19 15:33:08.003] [jointLog] [info] Loading dense pufferfish index.
[2026-02-19 15:33:08.027] [jointLog] [info] done
[2026-02-19 15:33:08.038] [jointLog] [info] Index contained 5,464 targets
[2026-02-19 15:33:08.038] [jointLog] [info] Number of decoys : 69
[2026-02-19 15:33:08.038] [jointLog] [info] First decoy index : 5,395 
[2026-02-19 15:33:08.100] [jointLog] [info] Automatically detected most likely library type as U

[2026-02-19 15:33:10.757] [jointLog] [info] Computed 5,532 rich equivalence classes for further processing
[2026-02-19 15:33:10.757] [jointLog] [info] Counted 3,001,151 total reads in the equivalence classes 
[2026-02-19 15:33:10.760] [jointLog] [info] Number of mappings discarded because of alignment score : 4,463
[2026-02-19 15:33:10.760] [jointLog] [info] Number of fragments entirely discarded because of alignment score : 50,781
[2026-02-19 15:33:10.760] [jointLog] [info] Number of fragments discarded because they are best-mapped to decoys : 49,327
[2026-02-19 15:33:10.760] [jointLog] [info] Number of fragments discarded because they have only dovetail (discordant) mappings to valid targets : 0
[2026-02-19 15:33:10.760] [jointLog] [warning] Only 3001151 fragments were mapped, but the number of burn-in fragments was set to 5000000.
The effective lengths have been computed using the observed mappings.

[2026-02-19 15:33:10.760] [jointLog] [info] Mapping rate = 41.9988%

[2026-02-19 15:33:10.760] [jointLog] [info] finished quantifyLibrary()
[2026-02-19 15:33:10.760] [jointLog] [info] Starting optimizer
[2026-02-19 15:33:10.761] [jointLog] [info] Marked 0 weighted equivalence classes as degenerate
[2026-02-19 15:33:10.761] [jointLog] [info] iteration = 0 | max rel diff. = 2090.82
[2026-02-19 15:33:10.770] [jointLog] [info] iteration = 100 | max rel diff. = 0.0820263
[2026-02-19 15:33:10.779] [jointLog] [info] iteration = 200 | max rel diff. = 0.0226867
[2026-02-19 15:33:10.788] [jointLog] [info] iteration = 300 | max rel diff. = 0.0200408
[2026-02-19 15:33:10.795] [jointLog] [info] iteration = 365 | max rel diff. = 0.00610028
[2026-02-19 15:33:10.795] [jointLog] [info] Finished optimizer
[2026-02-19 15:33:10.795] [jointLog] [info] writing output 

[2026-02-19 15:33:10.757] [fileLog] [info] 
At end of round 0
==================
Observed 7145803 total fragments (7145803 in most recent round)

