[2026-02-19 10:40:16.967] [puff::index::jointLog] [info] Running fixFasta
[2026-02-19 10:40:17.118] [puff::index::jointLog] [warning] Removed 218 transcripts that were sequence duplicates of indexed transcripts.
[2026-02-19 10:40:17.119] [puff::index::jointLog] [warning] If you wish to retain duplicate transcripts, please use the `--keepDuplicates` flag
[2026-02-19 10:40:17.120] [puff::index::jointLog] [info] Replaced 2 non-ATCG nucleotides
[2026-02-19 10:40:17.120] [puff::index::jointLog] [info] Clipped poly-A tails from 0 transcripts
[2026-02-19 10:40:17.138] [puff::index::jointLog] [info] Filter size not provided; estimating from number of distinct k-mers
[2026-02-19 10:40:17.272] [puff::index::jointLog] [info] ntHll estimated 11296445 distinct k-mers, setting filter size to 2^28
[2026-02-19 10:40:18.878] [puff::index::jointLog] [info] Starting the Pufferfish indexing by reading the GFA binary file.
[2026-02-19 10:40:18.879] [puff::index::jointLog] [info] Setting the index/BinaryGfa directory index
[2026-02-19 10:40:18.886] [puff::index::jointLog] [info] Done wrapping the rank vector with a rank9sel structure.
[2026-02-19 10:40:18.886] [puff::index::jointLog] [info] contig count for validation: 17,893
[2026-02-19 10:40:18.887] [puff::index::jointLog] [info] Total # of Contigs : 17,893
[2026-02-19 10:40:18.887] [puff::index::jointLog] [info] Total # of numerical Contigs : 17,893
[2026-02-19 10:40:18.888] [puff::index::jointLog] [info] Total # of contig vec entries: 43,611
[2026-02-19 10:40:18.888] [puff::index::jointLog] [info] bits per offset entry 16
[2026-02-19 10:40:18.888] [puff::index::jointLog] [info] Done constructing the contig vector. 17894
[2026-02-19 10:40:18.889] [puff::index::jointLog] [info] # segments = 17,893
[2026-02-19 10:40:18.889] [puff::index::jointLog] [info] total length = 11,931,505
[2026-02-19 10:40:18.889] [puff::index::jointLog] [info] Reading the reference files ...
[2026-02-19 10:40:18.930] [puff::index::jointLog] [info] positional integer width = 24
[2026-02-19 10:40:18.930] [puff::index::jointLog] [info] seqSize = 11,931,505
[2026-02-19 10:40:18.930] [puff::index::jointLog] [info] rankSize = 11,931,505
[2026-02-19 10:40:18.930] [puff::index::jointLog] [info] edgeVecSize = 0
[2026-02-19 10:40:18.930] [puff::index::jointLog] [info] num keys = 11,394,715
[2026-02-19 10:40:19.092] [puff::index::jointLog] [info] mphf size = 7.11804 MB
[2026-02-19 10:40:19.094] [puff::index::jointLog] [info] chunk size = 994,293
[2026-02-19 10:40:19.094] [puff::index::jointLog] [info] chunk 0 = [0, 994,293)
[2026-02-19 10:40:19.094] [puff::index::jointLog] [info] chunk 1 = [994,293, 1,988,586)
[2026-02-19 10:40:19.094] [puff::index::jointLog] [info] chunk 2 = [1,988,586, 2,982,898)
[2026-02-19 10:40:19.094] [puff::index::jointLog] [info] chunk 3 = [2,982,898, 3,977,191)
[2026-02-19 10:40:19.094] [puff::index::jointLog] [info] chunk 4 = [3,977,191, 4,971,484)
[2026-02-19 10:40:19.094] [puff::index::jointLog] [info] chunk 5 = [4,971,484, 5,965,777)
[2026-02-19 10:40:19.094] [puff::index::jointLog] [info] chunk 6 = [5,965,777, 6,960,070)
[2026-02-19 10:40:19.094] [puff::index::jointLog] [info] chunk 7 = [6,960,070, 7,954,363)
[2026-02-19 10:40:19.094] [puff::index::jointLog] [info] chunk 8 = [7,954,363, 8,948,656)
[2026-02-19 10:40:19.094] [puff::index::jointLog] [info] chunk 9 = [8,948,656, 9,942,949)
[2026-02-19 10:40:19.094] [puff::index::jointLog] [info] chunk 10 = [9,942,949, 10,937,242)
[2026-02-19 10:40:19.094] [puff::index::jointLog] [info] chunk 11 = [10,937,242, 11,931,475)
[2026-02-19 10:40:19.161] [puff::index::jointLog] [info] finished populating pos vector
[2026-02-19 10:40:19.161] [puff::index::jointLog] [info] writing index components
[2026-02-19 10:40:19.190] [puff::index::jointLog] [info] finished writing dense pufferfish index
