[2026-02-19 15:32:45.606] [jointLog] [info] setting maxHashResizeThreads to 12
[2026-02-19 15:32:45.606] [jointLog] [info] Fragment incompatibility prior below threshold.  Incompatible fragments will be ignored.
[2026-02-19 15:32:45.606] [jointLog] [info] Usage of --validateMappings implies use of minScoreFraction. Since not explicitly specified, it is being set to 0.65
[2026-02-19 15:32:45.606] [jointLog] [info] Setting consensusSlack to selective-alignment default of 0.35.
[2026-02-19 15:32:45.606] [jointLog] [info] parsing read library format
[2026-02-19 15:32:45.606] [jointLog] [info] There is 1 library.
[2026-02-19 15:32:45.606] [jointLog] [info] Loading pufferfish index
[2026-02-19 15:32:45.606] [jointLog] [info] Loading dense pufferfish index.
[2026-02-19 15:32:45.631] [jointLog] [info] done
[2026-02-19 15:32:45.642] [jointLog] [info] Index contained 5,464 targets
[2026-02-19 15:32:45.642] [jointLog] [info] Number of decoys : 69
[2026-02-19 15:32:45.642] [jointLog] [info] First decoy index : 5,395 
[2026-02-19 15:32:45.719] [jointLog] [info] Automatically detected most likely library type as U

[2026-02-19 15:32:48.147] [fileLog] [info] 
At end of round 0
==================
Observed 6591390 total fragments (6591390 in most recent round)

[2026-02-19 15:32:48.147] [jointLog] [info] Computed 5,535 rich equivalence classes for further processing
[2026-02-19 15:32:48.147] [jointLog] [info] Counted 2,055,822 total reads in the equivalence classes 
[2026-02-19 15:32:48.151] [jointLog] [info] Number of mappings discarded because of alignment score : 5,406
[2026-02-19 15:32:48.151] [jointLog] [info] Number of fragments entirely discarded because of alignment score : 69,112
[2026-02-19 15:32:48.151] [jointLog] [info] Number of fragments discarded because they are best-mapped to decoys : 67,423
[2026-02-19 15:32:48.151] [jointLog] [info] Number of fragments discarded because they have only dovetail (discordant) mappings to valid targets : 0
[2026-02-19 15:32:48.151] [jointLog] [warning] Only 2055822 fragments were mapped, but the number of burn-in fragments was set to 5000000.
The effective lengths have been computed using the observed mappings.

[2026-02-19 15:32:48.151] [jointLog] [info] Mapping rate = 31.1895%

[2026-02-19 15:32:48.151] [jointLog] [info] finished quantifyLibrary()
[2026-02-19 15:32:48.151] [jointLog] [info] Starting optimizer
[2026-02-19 15:32:48.152] [jointLog] [info] Marked 0 weighted equivalence classes as degenerate
[2026-02-19 15:32:48.152] [jointLog] [info] iteration = 0 | max rel diff. = 729.827
[2026-02-19 15:32:48.162] [jointLog] [info] iteration = 100 | max rel diff. = 0.0526268
[2026-02-19 15:32:48.174] [jointLog] [info] iteration = 200 | max rel diff. = 0.0591259
[2026-02-19 15:32:48.175] [jointLog] [info] iteration = 219 | max rel diff. = 0.00676553
[2026-02-19 15:32:48.176] [jointLog] [info] Finished optimizer
[2026-02-19 15:32:48.176] [jointLog] [info] writing output 

[2026-02-19 15:32:48.178] [jointLog] [warning] NOTE: Read Lib [[ data/filtered/SRR10551658.clean.fastq.gz ]] :

Detected a *potential* strand bias > 1% in an unstranded protocol check the file: results/salmon_quant/SRR10551658/lib_format_counts.json for details

