[2026-02-19 15:33:02.142] [jointLog] [info] setting maxHashResizeThreads to 12
[2026-02-19 15:33:02.142] [jointLog] [info] Fragment incompatibility prior below threshold.  Incompatible fragments will be ignored.
[2026-02-19 15:33:02.142] [jointLog] [info] Usage of --validateMappings implies use of minScoreFraction. Since not explicitly specified, it is being set to 0.65
[2026-02-19 15:33:02.142] [jointLog] [info] Setting consensusSlack to selective-alignment default of 0.35.
[2026-02-19 15:33:02.142] [jointLog] [info] parsing read library format
[2026-02-19 15:33:02.142] [jointLog] [info] There is 1 library.
[2026-02-19 15:33:02.142] [jointLog] [info] Loading pufferfish index
[2026-02-19 15:33:02.142] [jointLog] [info] Loading dense pufferfish index.
[2026-02-19 15:33:02.167] [jointLog] [info] done
[2026-02-19 15:33:02.178] [jointLog] [info] Index contained 5,464 targets
[2026-02-19 15:33:02.178] [jointLog] [info] Number of decoys : 69
[2026-02-19 15:33:02.178] [jointLog] [info] First decoy index : 5,395 
[2026-02-19 15:33:02.239] [jointLog] [info] Automatically detected most likely library type as U

[2026-02-19 15:33:04.628] [fileLog] [info] 
At end of round 0
==================
Observed 6388396 total fragments (6388396 in most recent round)

[2026-02-19 15:33:04.628] [jointLog] [info] Computed 5,510 rich equivalence classes for further processing
[2026-02-19 15:33:04.628] [jointLog] [info] Counted 2,721,877 total reads in the equivalence classes 
[2026-02-19 15:33:04.632] [jointLog] [info] Number of mappings discarded because of alignment score : 4,072
[2026-02-19 15:33:04.632] [jointLog] [info] Number of fragments entirely discarded because of alignment score : 45,815
[2026-02-19 15:33:04.632] [jointLog] [info] Number of fragments discarded because they are best-mapped to decoys : 44,408
[2026-02-19 15:33:04.632] [jointLog] [info] Number of fragments discarded because they have only dovetail (discordant) mappings to valid targets : 0
[2026-02-19 15:33:04.632] [jointLog] [warning] Only 2721877 fragments were mapped, but the number of burn-in fragments was set to 5000000.
The effective lengths have been computed using the observed mappings.

[2026-02-19 15:33:04.632] [jointLog] [info] Mapping rate = 42.6066%

[2026-02-19 15:33:04.632] [jointLog] [info] finished quantifyLibrary()
[2026-02-19 15:33:04.633] [jointLog] [info] Starting optimizer
[2026-02-19 15:33:04.633] [jointLog] [info] Marked 0 weighted equivalence classes as degenerate
[2026-02-19 15:33:04.633] [jointLog] [info] iteration = 0 | max rel diff. = 953.38
[2026-02-19 15:33:04.644] [jointLog] [info] iteration = 100 | max rel diff. = 0.43675
[2026-02-19 15:33:04.655] [jointLog] [info] iteration = 200 | max rel diff. = 0.0373702
[2026-02-19 15:33:04.666] [jointLog] [info] iteration = 295 | max rel diff. = 0.00716514
[2026-02-19 15:33:04.666] [jointLog] [info] Finished optimizer
[2026-02-19 15:33:04.666] [jointLog] [info] writing output 

