[2026-02-19 15:32:58.973] [jointLog] [info] setting maxHashResizeThreads to 12
[2026-02-19 15:32:58.973] [jointLog] [info] Fragment incompatibility prior below threshold.  Incompatible fragments will be ignored.
[2026-02-19 15:32:58.973] [jointLog] [info] Usage of --validateMappings implies use of minScoreFraction. Since not explicitly specified, it is being set to 0.65
[2026-02-19 15:32:58.973] [jointLog] [info] Setting consensusSlack to selective-alignment default of 0.35.
[2026-02-19 15:32:58.973] [jointLog] [info] parsing read library format
[2026-02-19 15:32:58.973] [jointLog] [info] There is 1 library.
[2026-02-19 15:32:58.973] [jointLog] [info] Loading pufferfish index
[2026-02-19 15:32:58.973] [jointLog] [info] Loading dense pufferfish index.
[2026-02-19 15:32:58.998] [jointLog] [info] done
[2026-02-19 15:32:59.009] [jointLog] [info] Index contained 5,464 targets
[2026-02-19 15:32:59.009] [jointLog] [info] Number of decoys : 69
[2026-02-19 15:32:59.009] [jointLog] [info] First decoy index : 5,395 
[2026-02-19 15:32:59.068] [jointLog] [info] Automatically detected most likely library type as U

[2026-02-19 15:33:01.291] [jointLog] [info] Computed 5,483 rich equivalence classes for further processing
[2026-02-19 15:33:01.291] [jointLog] [info] Counted 2,732,668 total reads in the equivalence classes 
[2026-02-19 15:33:01.294] [jointLog] [info] Number of mappings discarded because of alignment score : 3,349
[2026-02-19 15:33:01.294] [jointLog] [info] Number of fragments entirely discarded because of alignment score : 31,262
[2026-02-19 15:33:01.294] [jointLog] [info] Number of fragments discarded because they are best-mapped to decoys : 30,131
[2026-02-19 15:33:01.294] [jointLog] [info] Number of fragments discarded because they have only dovetail (discordant) mappings to valid targets : 0
[2026-02-19 15:33:01.294] [jointLog] [warning] Only 2732668 fragments were mapped, but the number of burn-in fragments was set to 5000000.
The effective lengths have been computed using the observed mappings.

[2026-02-19 15:33:01.294] [jointLog] [info] Mapping rate = 45.4007%

[2026-02-19 15:33:01.294] [jointLog] [info] finished quantifyLibrary()
[2026-02-19 15:33:01.294] [jointLog] [info] Starting optimizer
[2026-02-19 15:33:01.295] [jointLog] [info] Marked 0 weighted equivalence classes as degenerate
[2026-02-19 15:33:01.295] [jointLog] [info] iteration = 0 | max rel diff. = 1435.73
[2026-02-19 15:33:01.304] [jointLog] [info] iteration = 100 | max rel diff. = 0.116455
[2026-02-19 15:33:01.314] [jointLog] [info] iteration = 200 | max rel diff. = 0.0733038
[2026-02-19 15:33:01.315] [jointLog] [info] iteration = 217 | max rel diff. = 0.00835029
[2026-02-19 15:33:01.316] [jointLog] [info] Finished optimizer
[2026-02-19 15:33:01.316] [jointLog] [info] writing output 

[2026-02-19 15:33:01.291] [fileLog] [info] 
At end of round 0
==================
Observed 6018999 total fragments (6018999 in most recent round)

