[2026-02-19 15:32:48.538] [jointLog] [info] setting maxHashResizeThreads to 12
[2026-02-19 15:32:48.538] [jointLog] [info] Fragment incompatibility prior below threshold.  Incompatible fragments will be ignored.
[2026-02-19 15:32:48.538] [jointLog] [info] Usage of --validateMappings implies use of minScoreFraction. Since not explicitly specified, it is being set to 0.65
[2026-02-19 15:32:48.538] [jointLog] [info] Setting consensusSlack to selective-alignment default of 0.35.
[2026-02-19 15:32:48.538] [jointLog] [info] parsing read library format
[2026-02-19 15:32:48.538] [jointLog] [info] There is 1 library.
[2026-02-19 15:32:48.539] [jointLog] [info] Loading pufferfish index
[2026-02-19 15:32:48.539] [jointLog] [info] Loading dense pufferfish index.
[2026-02-19 15:32:48.563] [jointLog] [info] done
[2026-02-19 15:32:48.574] [jointLog] [info] Index contained 5,464 targets
[2026-02-19 15:32:48.575] [jointLog] [info] Number of decoys : 69
[2026-02-19 15:32:48.575] [jointLog] [info] First decoy index : 5,395 
[2026-02-19 15:32:48.653] [jointLog] [info] Automatically detected most likely library type as U

[2026-02-19 15:32:51.740] [fileLog] [info] 
At end of round 0
==================
Observed 8375559 total fragments (8375559 in most recent round)

[2026-02-19 15:32:51.740] [jointLog] [info] Computed 5,529 rich equivalence classes for further processing
[2026-02-19 15:32:51.740] [jointLog] [info] Counted 2,524,335 total reads in the equivalence classes 
[2026-02-19 15:32:51.743] [jointLog] [info] Number of mappings discarded because of alignment score : 8,760
[2026-02-19 15:32:51.743] [jointLog] [info] Number of fragments entirely discarded because of alignment score : 78,826
[2026-02-19 15:32:51.743] [jointLog] [info] Number of fragments discarded because they are best-mapped to decoys : 75,768
[2026-02-19 15:32:51.743] [jointLog] [info] Number of fragments discarded because they have only dovetail (discordant) mappings to valid targets : 0
[2026-02-19 15:32:51.744] [jointLog] [warning] Only 2524335 fragments were mapped, but the number of burn-in fragments was set to 5000000.
The effective lengths have been computed using the observed mappings.

[2026-02-19 15:32:51.744] [jointLog] [info] Mapping rate = 30.1393%

[2026-02-19 15:32:51.744] [jointLog] [info] finished quantifyLibrary()
[2026-02-19 15:32:51.744] [jointLog] [info] Starting optimizer
[2026-02-19 15:32:51.745] [jointLog] [info] Marked 0 weighted equivalence classes as degenerate
[2026-02-19 15:32:51.745] [jointLog] [info] iteration = 0 | max rel diff. = 1332.85
[2026-02-19 15:32:51.754] [jointLog] [info] iteration = 100 | max rel diff. = 0.0221387
[2026-02-19 15:32:51.763] [jointLog] [info] iteration = 200 | max rel diff. = 0.0201469
[2026-02-19 15:32:51.772] [jointLog] [info] iteration = 300 | max rel diff. = 0.0402647
[2026-02-19 15:32:51.781] [jointLog] [info] iteration = 400 | max rel diff. = 0.304096
[2026-02-19 15:32:51.782] [jointLog] [info] iteration = 406 | max rel diff. = 0.000918134
[2026-02-19 15:32:51.782] [jointLog] [info] Finished optimizer
[2026-02-19 15:32:51.782] [jointLog] [info] writing output 

[2026-02-19 15:32:51.785] [jointLog] [warning] NOTE: Read Lib [[ data/filtered/SRR10551659.clean.fastq.gz ]] :

Detected a *potential* strand bias > 1% in an unstranded protocol check the file: results/salmon_quant/SRR10551659/lib_format_counts.json for details

